This file contains any messages produced by compilers while
running configure, to aid debugging if configure makes a mistake.

It was created by multi2sim configure 4.0.1, which was
generated by GNU Autoconf 2.63.  Invocation command line was

  $ ./configure --no-create --no-recursion

## --------- ##
## Platform. ##
## --------- ##

hostname = acrux.cs.wisc.edu
uname -m = x86_64
uname -r = 2.6.32-504.1.3.el6.x86_64
uname -s = Linux
uname -v = #1 SMP Fri Oct 31 11:37:10 EDT 2014

/usr/bin/uname -p = unknown
/bin/uname -X     = unknown

/bin/arch              = x86_64
/usr/bin/arch -k       = unknown
/usr/convex/getsysinfo = unknown
/usr/bin/hostinfo      = unknown
/bin/machine           = unknown
/usr/bin/oslevel       = unknown
/bin/universe          = unknown

PATH: /p/vertical/afs-huge0/MaFIA/src/gams
PATH: /u/v/i/vinay/private/tools/verilator/INSTALL/bin
PATH: /u/v/i/vinay/private/tools/iverilog/INSTALL_DIR/bin
PATH: /unsup/llvm-3.4/bin
PATH: /afs/cs.wisc.edu/u/v/i/vinay/.local/bin
PATH: /s/gperf-3.0.4/amd64_rhel5/bin
PATH: /u/v/i/vinay/private/tools/pin-2.14-gcc.4.4.7-linux
PATH: /s/ruby-2.0.0/bin
PATH: /s/swig-2.0.6/bin
PATH: /s/gcc-4.8.1/bin
PATH: /opt/jdk6/jdk1.6.0_45/bin
PATH: /s/std/bin
PATH: /usr/lib64/qt-3.3/bin
PATH: /usr/local/bin
PATH: /bin
PATH: /usr/bin
PATH: /usr/local/sbin
PATH: /usr/sbin
PATH: /sbin
PATH: /usr/afsws/bin
PATH: /bin
PATH: /usr/bin
PATH: .


## ----------- ##
## Core tests. ##
## ----------- ##

configure:2101: checking for a BSD-compatible install
configure:2169: result: /usr/bin/install -c
configure:2180: checking whether build environment is sane
configure:2240: result: yes
configure:2381: checking for a thread-safe mkdir -p
configure:2420: result: /bin/mkdir -p
configure:2433: checking for gawk
configure:2449: found /bin/gawk
configure:2460: result: gawk
configure:2471: checking whether make sets $(MAKE)
configure:2493: result: yes
configure:2623: checking for gcc
configure:2639: found /s/gcc-4.8.1/bin/gcc
configure:2650: result: gcc
configure:2882: checking for C compiler version
configure:2890: gcc --version >&5
gcc.bin (GCC) 4.8.1
Copyright (C) 2013 Free Software Foundation, Inc.
This is free software; see the source for copying conditions.  There is NO
warranty; not even for MERCHANTABILITY or FITNESS FOR A PARTICULAR PURPOSE.

configure:2894: $? = 0
configure:2901: gcc -v >&5
Reading specs from /afs/cs.wisc.edu/s/gcc-4.8.1/amd64_rhel6/bin/../lib/gcc/x86_64-unknown-linux-gnu/4.8.1/specs
COLLECT_GCC=/s/gcc-4.8.1/amd64_rhel6/bin/gcc.bin
COLLECT_LTO_WRAPPER=/afs/cs.wisc.edu/s/gcc-4.8.1/amd64_rhel6/bin/../libexec/gcc/x86_64-unknown-linux-gnu/4.8.1/lto-wrapper
Target: x86_64-unknown-linux-gnu
Configured with: ../gcc-4.8.1/configure --prefix=/s/gcc-4.8.1/amd64_rhel6 --enable-shared --enable-threads=posix --enable-checking=release --with-system-zlib --enable-__cxa_atexit --disable-libunwind-exceptions --enable-libgcj-multifile --enable-languages=c,c++,objc,obj-c++,fortran --disable-dssi --enable-plugin --with-cpu=generic
Thread model: posix
gcc version 4.8.1 (GCC) 
configure:2905: $? = 0
configure:2912: gcc -V >&5
gcc.bin: error: unrecognized command line option '-V'
gcc.bin: fatal error: no input files
compilation terminated.
configure:2916: $? = 1
configure:2939: checking for C compiler default output file name
configure:2961: gcc    conftest.c  >&5
configure:2965: $? = 0
configure:3003: result: a.out
configure:3022: checking whether the C compiler works
configure:3032: ./a.out
configure:3036: $? = 0
configure:3055: result: yes
configure:3062: checking whether we are cross compiling
configure:3064: result: no
configure:3067: checking for suffix of executables
configure:3074: gcc -o conftest    conftest.c  >&5
configure:3078: $? = 0
configure:3104: result: 
configure:3110: checking for suffix of object files
configure:3136: gcc -c   conftest.c >&5
configure:3140: $? = 0
configure:3165: result: o
configure:3169: checking whether we are using the GNU C compiler
configure:3198: gcc -c   conftest.c >&5
configure:3205: $? = 0
configure:3222: result: yes
configure:3231: checking whether gcc accepts -g
configure:3261: gcc -c -g  conftest.c >&5
configure:3268: $? = 0
configure:3369: result: yes
configure:3386: checking for gcc option to accept ISO C89
configure:3460: gcc  -c -g -O2  conftest.c >&5
configure:3467: $? = 0
configure:3490: result: none needed
configure:3519: checking for style of include used by make
configure:3547: result: GNU
configure:3572: checking dependency style of gcc
configure:3682: result: gcc3
configure:3755: checking for g++
configure:3771: found /s/gcc-4.8.1/bin/g++
configure:3782: result: g++
configure:3809: checking for C++ compiler version
configure:3817: g++ --version >&5
g++.bin (GCC) 4.8.1
Copyright (C) 2013 Free Software Foundation, Inc.
This is free software; see the source for copying conditions.  There is NO
warranty; not even for MERCHANTABILITY or FITNESS FOR A PARTICULAR PURPOSE.

configure:3821: $? = 0
configure:3828: g++ -v >&5
Reading specs from /afs/cs.wisc.edu/s/gcc-4.8.1/amd64_rhel6/bin/../lib/gcc/x86_64-unknown-linux-gnu/4.8.1/specs
COLLECT_GCC=/s/gcc-4.8.1/amd64_rhel6/bin/g++.bin
COLLECT_LTO_WRAPPER=/afs/cs.wisc.edu/s/gcc-4.8.1/amd64_rhel6/bin/../libexec/gcc/x86_64-unknown-linux-gnu/4.8.1/lto-wrapper
Target: x86_64-unknown-linux-gnu
Configured with: ../gcc-4.8.1/configure --prefix=/s/gcc-4.8.1/amd64_rhel6 --enable-shared --enable-threads=posix --enable-checking=release --with-system-zlib --enable-__cxa_atexit --disable-libunwind-exceptions --enable-libgcj-multifile --enable-languages=c,c++,objc,obj-c++,fortran --disable-dssi --enable-plugin --with-cpu=generic
Thread model: posix
gcc version 4.8.1 (GCC) 
configure:3832: $? = 0
configure:3839: g++ -V >&5
g++.bin: error: unrecognized command line option '-V'
g++.bin: fatal error: no input files
compilation terminated.
configure:3843: $? = 1
configure:3846: checking whether we are using the GNU C++ compiler
configure:3875: g++ -c   conftest.cpp >&5
configure:3882: $? = 0
configure:3899: result: yes
configure:3908: checking whether g++ accepts -g
configure:3938: g++ -c -g  conftest.cpp >&5
configure:3945: $? = 0
configure:4046: result: yes
configure:4071: checking dependency style of g++
configure:4181: result: gcc3
configure:4210: checking for a BSD-compatible install
configure:4278: result: /usr/bin/install -c
configure:4322: checking build system type
configure:4340: result: x86_64-unknown-linux-gnu
configure:4362: checking host system type
configure:4377: result: x86_64-unknown-linux-gnu
configure:4399: checking for a sed that does not truncate output
configure:4465: result: /bin/sed
configure:4483: checking for grep that handles long lines and -e
configure:4543: result: /bin/grep
configure:4548: checking for egrep
configure:4612: result: /bin/grep -E
configure:4617: checking for fgrep
configure:4681: result: /bin/grep -F
configure:4716: checking for ld used by gcc
configure:4783: result: /afs/cs.wisc.edu/s/gcc-4.8.1/amd64_rhel6/libexec/gcc/x86_64-unknown-linux-gnu/4.8.1/ld
configure:4792: checking if the linker (/afs/cs.wisc.edu/s/gcc-4.8.1/amd64_rhel6/libexec/gcc/x86_64-unknown-linux-gnu/4.8.1/ld) is GNU ld
configure:4807: result: yes
configure:4819: checking for BSD- or MS-compatible name lister (nm)
configure:4868: result: /usr/bin/nm -B
configure:4986: checking the name lister (/usr/bin/nm -B) interface
configure:4993: gcc -c -g -O2  conftest.c >&5
configure:4996: /usr/bin/nm -B "conftest.o"
configure:4999: output
0000000000000000 B some_variable
configure:5006: result: BSD nm
configure:5009: checking whether ln -s works
configure:5013: result: yes
configure:5021: checking the maximum length of command line arguments
configure:5141: result: 1966080
configure:5158: checking whether the shell understands some XSI constructs
configure:5168: result: yes
configure:5172: checking whether the shell understands "+="
configure:5178: result: yes
configure:5213: checking for /afs/cs.wisc.edu/s/gcc-4.8.1/amd64_rhel6/libexec/gcc/x86_64-unknown-linux-gnu/4.8.1/ld option to reload object files
configure:5220: result: -r
configure:5289: checking for objdump
configure:5305: found /usr/bin/objdump
configure:5316: result: objdump
configure:5348: checking how to recognize dependent libraries
configure:5544: result: pass_all
configure:5604: checking for ar
configure:5620: found /usr/bin/ar
configure:5631: result: ar
configure:5709: checking for strip
configure:5725: found /usr/bin/strip
configure:5736: result: strip
configure:5808: checking for ranlib
configure:5824: found /usr/bin/ranlib
configure:5835: result: ranlib
configure:5925: checking command to parse /usr/bin/nm -B output from gcc object
configure:6043: gcc -c -g -O2  conftest.c >&5
configure:6046: $? = 0
configure:6050: /usr/bin/nm -B conftest.o \| sed -n -e 's/^.*[	 ]\([ABCDGIRSTW][ABCDGIRSTW]*\)[	 ][	 ]*\([_A-Za-z][_A-Za-z0-9]*\)$/\1 \2 \2/p' \> conftest.nm
configure:6053: $? = 0
configure:6107: gcc -o conftest -g -O2   conftest.c conftstm.o >&5
configure:6110: $? = 0
configure:6148: result: ok
configure:6244: gcc -c -g -O2  conftest.c >&5
configure:6247: $? = 0
configure:7015: checking how to run the C preprocessor
configure:7055: gcc -E  conftest.c
configure:7062: $? = 0
configure:7093: gcc -E  conftest.c
conftest.c:10:28: fatal error: ac_nonexistent.h: No such file or directory
 #include <ac_nonexistent.h>
                            ^
compilation terminated.
configure:7100: $? = 1
configure: failed program was:
| /* confdefs.h.  */
| #define PACKAGE_NAME "multi2sim"
| #define PACKAGE_TARNAME "multi2sim"
| #define PACKAGE_VERSION "4.0.1"
| #define PACKAGE_STRING "multi2sim 4.0.1"
| #define PACKAGE_BUGREPORT ""
| #define PACKAGE "multi2sim"
| #define VERSION "4.0.1"
| /* end confdefs.h.  */
| #include <ac_nonexistent.h>
configure:7133: result: gcc -E
configure:7162: gcc -E  conftest.c
configure:7169: $? = 0
configure:7200: gcc -E  conftest.c
conftest.c:10:28: fatal error: ac_nonexistent.h: No such file or directory
 #include <ac_nonexistent.h>
                            ^
compilation terminated.
configure:7207: $? = 1
configure: failed program was:
| /* confdefs.h.  */
| #define PACKAGE_NAME "multi2sim"
| #define PACKAGE_TARNAME "multi2sim"
| #define PACKAGE_VERSION "4.0.1"
| #define PACKAGE_STRING "multi2sim 4.0.1"
| #define PACKAGE_BUGREPORT ""
| #define PACKAGE "multi2sim"
| #define VERSION "4.0.1"
| /* end confdefs.h.  */
| #include <ac_nonexistent.h>
configure:7247: checking for ANSI C header files
configure:7277: gcc -c -g -O2  conftest.c >&5
configure:7284: $? = 0
configure:7383: gcc -o conftest -g -O2   conftest.c  >&5
configure:7387: $? = 0
configure:7393: ./conftest
configure:7397: $? = 0
configure:7415: result: yes
configure:7439: checking for sys/types.h
configure:7460: gcc -c -g -O2  conftest.c >&5
configure:7467: $? = 0
configure:7484: result: yes
configure:7439: checking for sys/stat.h
configure:7460: gcc -c -g -O2  conftest.c >&5
configure:7467: $? = 0
configure:7484: result: yes
configure:7439: checking for stdlib.h
configure:7460: gcc -c -g -O2  conftest.c >&5
configure:7467: $? = 0
configure:7484: result: yes
configure:7439: checking for string.h
configure:7460: gcc -c -g -O2  conftest.c >&5
configure:7467: $? = 0
configure:7484: result: yes
configure:7439: checking for memory.h
configure:7460: gcc -c -g -O2  conftest.c >&5
configure:7467: $? = 0
configure:7484: result: yes
configure:7439: checking for strings.h
configure:7460: gcc -c -g -O2  conftest.c >&5
configure:7467: $? = 0
configure:7484: result: yes
configure:7439: checking for inttypes.h
configure:7460: gcc -c -g -O2  conftest.c >&5
configure:7467: $? = 0
configure:7484: result: yes
configure:7439: checking for stdint.h
configure:7460: gcc -c -g -O2  conftest.c >&5
configure:7467: $? = 0
configure:7484: result: yes
configure:7439: checking for unistd.h
configure:7460: gcc -c -g -O2  conftest.c >&5
configure:7467: $? = 0
configure:7484: result: yes
configure:7502: checking for dlfcn.h
configure:7523: gcc -c -g -O2  conftest.c >&5
configure:7530: $? = 0
configure:7547: result: yes
configure:7674: checking for C++ compiler version
configure:7682: g++ --version >&5
g++.bin (GCC) 4.8.1
Copyright (C) 2013 Free Software Foundation, Inc.
This is free software; see the source for copying conditions.  There is NO
warranty; not even for MERCHANTABILITY or FITNESS FOR A PARTICULAR PURPOSE.

configure:7686: $? = 0
configure:7693: g++ -v >&5
Reading specs from /afs/cs.wisc.edu/s/gcc-4.8.1/amd64_rhel6/bin/../lib/gcc/x86_64-unknown-linux-gnu/4.8.1/specs
COLLECT_GCC=/s/gcc-4.8.1/amd64_rhel6/bin/g++.bin
COLLECT_LTO_WRAPPER=/afs/cs.wisc.edu/s/gcc-4.8.1/amd64_rhel6/bin/../libexec/gcc/x86_64-unknown-linux-gnu/4.8.1/lto-wrapper
Target: x86_64-unknown-linux-gnu
Configured with: ../gcc-4.8.1/configure --prefix=/s/gcc-4.8.1/amd64_rhel6 --enable-shared --enable-threads=posix --enable-checking=release --with-system-zlib --enable-__cxa_atexit --disable-libunwind-exceptions --enable-libgcj-multifile --enable-languages=c,c++,objc,obj-c++,fortran --disable-dssi --enable-plugin --with-cpu=generic
Thread model: posix
gcc version 4.8.1 (GCC) 
configure:7697: $? = 0
configure:7704: g++ -V >&5
g++.bin: error: unrecognized command line option '-V'
g++.bin: fatal error: no input files
compilation terminated.
configure:7708: $? = 1
configure:7711: checking whether we are using the GNU C++ compiler
configure:7764: result: yes
configure:7773: checking whether g++ accepts -g
configure:7911: result: yes
configure:7936: checking dependency style of g++
configure:8046: result: gcc3
configure:8069: checking how to run the C++ preprocessor
configure:8105: g++ -E  conftest.cpp
configure:8112: $? = 0
configure:8143: g++ -E  conftest.cpp
conftest.cpp:21:28: fatal error: ac_nonexistent.h: No such file or directory
 #include <ac_nonexistent.h>
                            ^
compilation terminated.
configure:8150: $? = 1
configure: failed program was:
| /* confdefs.h.  */
| #define PACKAGE_NAME "multi2sim"
| #define PACKAGE_TARNAME "multi2sim"
| #define PACKAGE_VERSION "4.0.1"
| #define PACKAGE_STRING "multi2sim 4.0.1"
| #define PACKAGE_BUGREPORT ""
| #define PACKAGE "multi2sim"
| #define VERSION "4.0.1"
| #define STDC_HEADERS 1
| #define HAVE_SYS_TYPES_H 1
| #define HAVE_SYS_STAT_H 1
| #define HAVE_STDLIB_H 1
| #define HAVE_STRING_H 1
| #define HAVE_MEMORY_H 1
| #define HAVE_STRINGS_H 1
| #define HAVE_INTTYPES_H 1
| #define HAVE_STDINT_H 1
| #define HAVE_UNISTD_H 1
| #define HAVE_DLFCN_H 1
| /* end confdefs.h.  */
| #include <ac_nonexistent.h>
configure:8183: result: g++ -E
configure:8212: g++ -E  conftest.cpp
configure:8219: $? = 0
configure:8250: g++ -E  conftest.cpp
conftest.cpp:21:28: fatal error: ac_nonexistent.h: No such file or directory
 #include <ac_nonexistent.h>
                            ^
compilation terminated.
configure:8257: $? = 1
configure: failed program was:
| /* confdefs.h.  */
| #define PACKAGE_NAME "multi2sim"
| #define PACKAGE_TARNAME "multi2sim"
| #define PACKAGE_VERSION "4.0.1"
| #define PACKAGE_STRING "multi2sim 4.0.1"
| #define PACKAGE_BUGREPORT ""
| #define PACKAGE "multi2sim"
| #define VERSION "4.0.1"
| #define STDC_HEADERS 1
| #define HAVE_SYS_TYPES_H 1
| #define HAVE_SYS_STAT_H 1
| #define HAVE_STDLIB_H 1
| #define HAVE_STRING_H 1
| #define HAVE_MEMORY_H 1
| #define HAVE_STRINGS_H 1
| #define HAVE_INTTYPES_H 1
| #define HAVE_STDINT_H 1
| #define HAVE_UNISTD_H 1
| #define HAVE_DLFCN_H 1
| /* end confdefs.h.  */
| #include <ac_nonexistent.h>
configure:8471: checking for objdir
configure:8486: result: .libs
configure:8778: checking if gcc supports -fno-rtti -fno-exceptions
configure:8796: gcc -c -g -O2  -fno-rtti -fno-exceptions conftest.c >&5
cc1: warning: command line option '-fno-rtti' is valid for C++/ObjC++ but not for C [enabled by default]
configure:8800: $? = 0
configure:8813: result: no
configure:8833: checking for gcc option to produce PIC
configure:9105: result: -fPIC -DPIC
configure:9117: checking if gcc PIC flag -fPIC -DPIC works
configure:9135: gcc -c -g -O2  -fPIC -DPIC -DPIC conftest.c >&5
configure:9139: $? = 0
configure:9152: result: yes
configure:9176: checking if gcc static flag -static works
configure:9204: result: yes
configure:9219: checking if gcc supports -c -o file.o
configure:9240: gcc -c -g -O2  -o out/conftest2.o conftest.c >&5
configure:9244: $? = 0
configure:9266: result: yes
configure:9274: checking if gcc supports -c -o file.o
configure:9321: result: yes
configure:9354: checking whether the gcc linker (/afs/cs.wisc.edu/s/gcc-4.8.1/amd64_rhel6/libexec/gcc/x86_64-unknown-linux-gnu/4.8.1/ld -m elf_x86_64) supports shared libraries
configure:10428: result: yes
configure:10465: checking whether -lc should be explicitly linked in
configure:10470: gcc -c -g -O2  conftest.c >&5
configure:10473: $? = 0
configure:10488: gcc -shared conftest.o  -v -Wl,-soname -Wl,conftest -o conftest 2\>\&1 \| /bin/grep  -lc  \>/dev/null 2\>\&1
configure:10491: $? = 0
configure:10503: result: no
configure:10667: checking dynamic linker characteristics
configure:11110: gcc -o conftest -g -O2   -Wl,-rpath -Wl,/foo conftest.c  >&5
configure:11117: $? = 0
configure:11353: result: GNU/Linux ld.so
configure:11455: checking how to hardcode library paths into programs
configure:11480: result: immediate
configure:12313: checking whether stripping libraries is possible
configure:12318: result: yes
configure:12353: checking if libtool supports shared libraries
configure:12355: result: yes
configure:12358: checking whether to build shared libraries
configure:12379: result: yes
configure:12382: checking whether to build static libraries
configure:12386: result: yes
configure:12536: checking for ld used by g++
configure:12603: result: /afs/cs.wisc.edu/s/gcc-4.8.1/amd64_rhel6/libexec/gcc/x86_64-unknown-linux-gnu/4.8.1/ld -m elf_x86_64
configure:12612: checking if the linker (/afs/cs.wisc.edu/s/gcc-4.8.1/amd64_rhel6/libexec/gcc/x86_64-unknown-linux-gnu/4.8.1/ld -m elf_x86_64) is GNU ld
configure:12627: result: yes
configure:12682: checking whether the g++ linker (/afs/cs.wisc.edu/s/gcc-4.8.1/amd64_rhel6/libexec/gcc/x86_64-unknown-linux-gnu/4.8.1/ld -m elf_x86_64) supports shared libraries
configure:13657: result: yes
configure:13685: g++ -c -g -O2  conftest.cpp >&5
configure:13688: $? = 0
configure:13870: checking for g++ option to produce PIC
configure:14187: result: -fPIC -DPIC
configure:14196: checking if g++ PIC flag -fPIC -DPIC works
configure:14214: g++ -c -g -O2  -fPIC -DPIC -DPIC conftest.cpp >&5
configure:14218: $? = 0
configure:14231: result: yes
configure:14252: checking if g++ static flag -static works
configure:14280: result: yes
configure:14292: checking if g++ supports -c -o file.o
configure:14313: g++ -c -g -O2  -o out/conftest2.o conftest.cpp >&5
configure:14317: $? = 0
configure:14339: result: yes
configure:14344: checking if g++ supports -c -o file.o
configure:14391: result: yes
configure:14421: checking whether the g++ linker (/afs/cs.wisc.edu/s/gcc-4.8.1/amd64_rhel6/libexec/gcc/x86_64-unknown-linux-gnu/4.8.1/ld -m elf_x86_64) supports shared libraries
configure:14447: result: yes
configure:14584: checking dynamic linker characteristics
configure:14975: g++ -o conftest -g -O2   -Wl,-rpath -Wl,/foo conftest.cpp  >&5
configure:14982: $? = 0
configure:15218: result: GNU/Linux ld.so
configure:15269: checking how to hardcode library paths into programs
configure:15294: result: immediate
configure:15355: checking for ANSI C header files
configure:15523: result: yes
configure:15533: checking for sys/wait.h that is POSIX.1 compatible
configure:15569: gcc -c -g -O2  conftest.c >&5
configure:15576: $? = 0
configure:15591: result: yes
configure:15627: checking fcntl.h usability
configure:15644: gcc -c -g -O2  conftest.c >&5
configure:15651: $? = 0
configure:15665: result: yes
configure:15669: checking fcntl.h presence
configure:15684: gcc -E  conftest.c
configure:15691: $? = 0
configure:15705: result: yes
configure:15733: checking for fcntl.h
configure:15742: result: yes
configure:15627: checking float.h usability
configure:15644: gcc -c -g -O2  conftest.c >&5
configure:15651: $? = 0
configure:15665: result: yes
configure:15669: checking float.h presence
configure:15684: gcc -E  conftest.c
configure:15691: $? = 0
configure:15705: result: yes
configure:15733: checking for float.h
configure:15742: result: yes
configure:15627: checking stddef.h usability
configure:15644: gcc -c -g -O2  conftest.c >&5
configure:15651: $? = 0
configure:15665: result: yes
configure:15669: checking stddef.h presence
configure:15684: gcc -E  conftest.c
configure:15691: $? = 0
configure:15705: result: yes
configure:15733: checking for stddef.h
configure:15742: result: yes
configure:15616: checking for stdint.h
configure:15623: result: yes
configure:15616: checking for stdlib.h
configure:15623: result: yes
configure:15616: checking for string.h
configure:15623: result: yes
configure:15627: checking sys/ioctl.h usability
configure:15644: gcc -c -g -O2  conftest.c >&5
configure:15651: $? = 0
configure:15665: result: yes
configure:15669: checking sys/ioctl.h presence
configure:15684: gcc -E  conftest.c
configure:15691: $? = 0
configure:15705: result: yes
configure:15733: checking for sys/ioctl.h
configure:15742: result: yes
configure:15627: checking sys/socket.h usability
configure:15644: gcc -c -g -O2  conftest.c >&5
configure:15651: $? = 0
configure:15665: result: yes
configure:15669: checking sys/socket.h presence
configure:15684: gcc -E  conftest.c
configure:15691: $? = 0
configure:15705: result: yes
configure:15733: checking for sys/socket.h
configure:15742: result: yes
configure:15627: checking sys/time.h usability
configure:15644: gcc -c -g -O2  conftest.c >&5
configure:15651: $? = 0
configure:15665: result: yes
configure:15669: checking sys/time.h presence
configure:15684: gcc -E  conftest.c
configure:15691: $? = 0
configure:15705: result: yes
configure:15733: checking for sys/time.h
configure:15742: result: yes
configure:15616: checking for unistd.h
configure:15623: result: yes
configure:15627: checking utime.h usability
configure:15644: gcc -c -g -O2  conftest.c >&5
configure:15651: $? = 0
configure:15665: result: yes
configure:15669: checking utime.h presence
configure:15684: gcc -E  conftest.c
configure:15691: $? = 0
configure:15705: result: yes
configure:15733: checking for utime.h
configure:15742: result: yes
configure:15767: checking elf.h usability
configure:15784: gcc -c -g -O2  conftest.c >&5
configure:15791: $? = 0
configure:15805: result: yes
configure:15809: checking elf.h presence
configure:15824: gcc -E  conftest.c
configure:15831: $? = 0
configure:15845: result: yes
configure:15873: checking for elf.h
configure:15880: result: yes
configure:15898: checking for off_t
configure:15926: gcc -c -g -O2  conftest.c >&5
configure:15933: $? = 0
configure:15960: gcc -c -g -O2  conftest.c >&5
conftest.c: In function 'main':
conftest.c:72:20: error: expected expression before ')' token
 if (sizeof ((off_t)))
                    ^
configure:15967: $? = 1
configure: failed program was:
| /* confdefs.h.  */
| #define PACKAGE_NAME "multi2sim"
| #define PACKAGE_TARNAME "multi2sim"
| #define PACKAGE_VERSION "4.0.1"
| #define PACKAGE_STRING "multi2sim 4.0.1"
| #define PACKAGE_BUGREPORT ""
| #define PACKAGE "multi2sim"
| #define VERSION "4.0.1"
| #define STDC_HEADERS 1
| #define HAVE_SYS_TYPES_H 1
| #define HAVE_SYS_STAT_H 1
| #define HAVE_STDLIB_H 1
| #define HAVE_STRING_H 1
| #define HAVE_MEMORY_H 1
| #define HAVE_STRINGS_H 1
| #define HAVE_INTTYPES_H 1
| #define HAVE_STDINT_H 1
| #define HAVE_UNISTD_H 1
| #define HAVE_DLFCN_H 1
| #define LT_OBJDIR ".libs/"
| #define STDC_HEADERS 1
| #define HAVE_SYS_WAIT_H 1
| #define HAVE_FCNTL_H 1
| #define HAVE_FLOAT_H 1
| #define HAVE_STDDEF_H 1
| #define HAVE_STDINT_H 1
| #define HAVE_STDLIB_H 1
| #define HAVE_STRING_H 1
| #define HAVE_SYS_IOCTL_H 1
| #define HAVE_SYS_SOCKET_H 1
| #define HAVE_SYS_TIME_H 1
| #define HAVE_UNISTD_H 1
| #define HAVE_UTIME_H 1
| #define HAVE_ELF_H 1
| /* end confdefs.h.  */
| #include <stdio.h>
| #ifdef HAVE_SYS_TYPES_H
| # include <sys/types.h>
| #endif
| #ifdef HAVE_SYS_STAT_H
| # include <sys/stat.h>
| #endif
| #ifdef STDC_HEADERS
| # include <stdlib.h>
| # include <stddef.h>
| #else
| # ifdef HAVE_STDLIB_H
| #  include <stdlib.h>
| # endif
| #endif
| #ifdef HAVE_STRING_H
| # if !defined STDC_HEADERS && defined HAVE_MEMORY_H
| #  include <memory.h>
| # endif
| # include <string.h>
| #endif
| #ifdef HAVE_STRINGS_H
| # include <strings.h>
| #endif
| #ifdef HAVE_INTTYPES_H
| # include <inttypes.h>
| #endif
| #ifdef HAVE_STDINT_H
| # include <stdint.h>
| #endif
| #ifdef HAVE_UNISTD_H
| # include <unistd.h>
| #endif
| int
| main ()
| {
| if (sizeof ((off_t)))
| 	  return 0;
|   ;
|   return 0;
| }
configure:15990: result: yes
configure:16002: checking for size_t
configure:16030: gcc -c -g -O2  conftest.c >&5
configure:16037: $? = 0
configure:16064: gcc -c -g -O2  conftest.c >&5
conftest.c: In function 'main':
conftest.c:72:21: error: expected expression before ')' token
 if (sizeof ((size_t)))
                     ^
configure:16071: $? = 1
configure: failed program was:
| /* confdefs.h.  */
| #define PACKAGE_NAME "multi2sim"
| #define PACKAGE_TARNAME "multi2sim"
| #define PACKAGE_VERSION "4.0.1"
| #define PACKAGE_STRING "multi2sim 4.0.1"
| #define PACKAGE_BUGREPORT ""
| #define PACKAGE "multi2sim"
| #define VERSION "4.0.1"
| #define STDC_HEADERS 1
| #define HAVE_SYS_TYPES_H 1
| #define HAVE_SYS_STAT_H 1
| #define HAVE_STDLIB_H 1
| #define HAVE_STRING_H 1
| #define HAVE_MEMORY_H 1
| #define HAVE_STRINGS_H 1
| #define HAVE_INTTYPES_H 1
| #define HAVE_STDINT_H 1
| #define HAVE_UNISTD_H 1
| #define HAVE_DLFCN_H 1
| #define LT_OBJDIR ".libs/"
| #define STDC_HEADERS 1
| #define HAVE_SYS_WAIT_H 1
| #define HAVE_FCNTL_H 1
| #define HAVE_FLOAT_H 1
| #define HAVE_STDDEF_H 1
| #define HAVE_STDINT_H 1
| #define HAVE_STDLIB_H 1
| #define HAVE_STRING_H 1
| #define HAVE_SYS_IOCTL_H 1
| #define HAVE_SYS_SOCKET_H 1
| #define HAVE_SYS_TIME_H 1
| #define HAVE_UNISTD_H 1
| #define HAVE_UTIME_H 1
| #define HAVE_ELF_H 1
| /* end confdefs.h.  */
| #include <stdio.h>
| #ifdef HAVE_SYS_TYPES_H
| # include <sys/types.h>
| #endif
| #ifdef HAVE_SYS_STAT_H
| # include <sys/stat.h>
| #endif
| #ifdef STDC_HEADERS
| # include <stdlib.h>
| # include <stddef.h>
| #else
| # ifdef HAVE_STDLIB_H
| #  include <stdlib.h>
| # endif
| #endif
| #ifdef HAVE_STRING_H
| # if !defined STDC_HEADERS && defined HAVE_MEMORY_H
| #  include <memory.h>
| # endif
| # include <string.h>
| #endif
| #ifdef HAVE_STRINGS_H
| # include <strings.h>
| #endif
| #ifdef HAVE_INTTYPES_H
| # include <inttypes.h>
| #endif
| #ifdef HAVE_STDINT_H
| # include <stdint.h>
| #endif
| #ifdef HAVE_UNISTD_H
| # include <unistd.h>
| #endif
| int
| main ()
| {
| if (sizeof ((size_t)))
| 	  return 0;
|   ;
|   return 0;
| }
configure:16094: result: yes
configure:16106: checking for struct stat.st_blksize
configure:16134: gcc -c -g -O2  conftest.c >&5
configure:16141: $? = 0
configure:16199: result: yes
configure:16210: checking for struct stat.st_blocks
configure:16238: gcc -c -g -O2  conftest.c >&5
configure:16245: $? = 0
configure:16303: result: yes
configure:16326: checking for struct stat.st_rdev
configure:16354: gcc -c -g -O2  conftest.c >&5
configure:16361: $? = 0
configure:16419: result: yes
configure:16433: checking for uid_t in sys/types.h
configure:16456: result: yes
configure:16476: checking for unistd.h
configure:16483: result: yes
configure:16617: checking for working chown
configure:16660: gcc -o conftest -g -O2   conftest.c  >&5
configure:16664: $? = 0
configure:16670: ./conftest
configure:16674: $? = 0
configure:16693: result: yes
configure:16703: checking for error_at_line
configure:16729: gcc -o conftest -g -O2   conftest.c  >&5
configure:16736: $? = 0
configure:16756: result: yes
configure:16767: checking whether lstat dereferences a symlink specified with a trailing slash
configure:16803: gcc -o conftest -g -O2   conftest.c  >&5
configure:16807: $? = 0
configure:16813: ./conftest
configure:16817: $? = 0
configure:16841: result: yes
configure:16865: checking for stdlib.h
configure:16872: result: yes
configure:17006: checking for GNU libc compatible malloc
configure:17040: gcc -o conftest -g -O2   conftest.c  >&5
configure:17044: $? = 0
configure:17050: ./conftest
configure:17054: $? = 0
configure:17071: result: yes
configure:17105: checking for stdlib.h
configure:17112: result: yes
configure:17105: checking for unistd.h
configure:17112: result: yes
configure:17250: checking for getpagesize
configure:17306: gcc -o conftest -g -O2   conftest.c  >&5
configure:17313: $? = 0
configure:17335: result: yes
configure:17347: checking for working mmap
configure:17494: gcc -o conftest -g -O2   conftest.c  >&5
configure:17498: $? = 0
configure:17504: ./conftest
configure:17508: $? = 0
configure:17525: result: yes
configure:17541: checking for stdlib.h
configure:17548: result: yes
configure:17682: checking for GNU libc compatible realloc
configure:17716: gcc -o conftest -g -O2   conftest.c  >&5
configure:17720: $? = 0
configure:17726: ./conftest
configure:17730: $? = 0
configure:17747: result: yes
configure:17794: checking for alarm
configure:17850: gcc -o conftest -g -O2   conftest.c  >&5
configure:17857: $? = 0
configure:17879: result: yes
configure:17794: checking for bzero
configure:17850: gcc -o conftest -g -O2   conftest.c  >&5
conftest.c:75:6: warning: conflicting types for built-in function 'bzero' [enabled by default]
 char bzero ();
      ^
configure:17857: $? = 0
configure:17879: result: yes
configure:17794: checking for ftruncate
configure:17850: gcc -o conftest -g -O2   conftest.c  >&5
configure:17857: $? = 0
configure:17879: result: yes
configure:17794: checking for getcwd
configure:17850: gcc -o conftest -g -O2   conftest.c  >&5
configure:17857: $? = 0
configure:17879: result: yes
configure:17794: checking for gettimeofday
configure:17850: gcc -o conftest -g -O2   conftest.c  >&5
configure:17857: $? = 0
configure:17879: result: yes
configure:17794: checking for memset
configure:17850: gcc -o conftest -g -O2   conftest.c  >&5
conftest.c:79:6: warning: conflicting types for built-in function 'memset' [enabled by default]
 char memset ();
      ^
configure:17857: $? = 0
configure:17879: result: yes
configure:17794: checking for mkdir
configure:17850: gcc -o conftest -g -O2   conftest.c  >&5
configure:17857: $? = 0
configure:17879: result: yes
configure:17794: checking for munmap
configure:17850: gcc -o conftest -g -O2   conftest.c  >&5
configure:17857: $? = 0
configure:17879: result: yes
configure:17794: checking for select
configure:17850: gcc -o conftest -g -O2   conftest.c  >&5
configure:17857: $? = 0
configure:17879: result: yes
configure:17794: checking for socket
configure:17850: gcc -o conftest -g -O2   conftest.c  >&5
configure:17857: $? = 0
configure:17879: result: yes
configure:17794: checking for strcasecmp
configure:17850: gcc -o conftest -g -O2   conftest.c  >&5
conftest.c:84:6: warning: conflicting types for built-in function 'strcasecmp' [enabled by default]
 char strcasecmp ();
      ^
configure:17857: $? = 0
configure:17879: result: yes
configure:17794: checking for strchr
configure:17850: gcc -o conftest -g -O2   conftest.c  >&5
conftest.c:85:6: warning: conflicting types for built-in function 'strchr' [enabled by default]
 char strchr ();
      ^
configure:17857: $? = 0
configure:17879: result: yes
configure:17794: checking for strdup
configure:17850: gcc -o conftest -g -O2   conftest.c  >&5
conftest.c:86:6: warning: conflicting types for built-in function 'strdup' [enabled by default]
 char strdup ();
      ^
configure:17857: $? = 0
configure:17879: result: yes
configure:17794: checking for strncasecmp
configure:17850: gcc -o conftest -g -O2   conftest.c  >&5
conftest.c:87:6: warning: conflicting types for built-in function 'strncasecmp' [enabled by default]
 char strncasecmp ();
      ^
configure:17857: $? = 0
configure:17879: result: yes
configure:17794: checking for strtol
configure:17850: gcc -o conftest -g -O2   conftest.c  >&5
configure:17857: $? = 0
configure:17879: result: yes
configure:17794: checking for utime
configure:17850: gcc -o conftest -g -O2   conftest.c  >&5
configure:17857: $? = 0
configure:17879: result: yes
configure:17924: checking math.h usability
configure:17941: gcc -c -g -O2  conftest.c >&5
configure:17948: $? = 0
configure:17962: result: yes
configure:17966: checking math.h presence
configure:17981: gcc -E  conftest.c
configure:17988: $? = 0
configure:18002: result: yes
configure:18030: checking for math.h
configure:18037: result: yes
configure:18050: checking for -lm
configure:18078: gcc -o conftest -g -O2  -lm conftest.c  >&5
conftest.c:68:5: warning: conflicting types for built-in function 'sin' [enabled by default]
 int sin();
     ^
configure:18085: $? = 0
configure:18094: result: yes
configure:18141: checking pthread.h usability
configure:18158: gcc -c -g -O2  conftest.c >&5
configure:18165: $? = 0
configure:18179: result: yes
configure:18183: checking pthread.h presence
configure:18198: gcc -E  conftest.c
configure:18205: $? = 0
configure:18219: result: yes
configure:18247: checking for pthread.h
configure:18254: result: yes
configure:18267: checking for -lpthread
configure:18295: gcc -o conftest -g -O2  -lpthread conftest.c  >&5
configure:18302: $? = 0
configure:18311: result: yes
configure:18359: checking zlib.h usability
configure:18376: gcc -c -g -O2  conftest.c >&5
configure:18383: $? = 0
configure:18397: result: yes
configure:18401: checking zlib.h presence
configure:18416: gcc -E  conftest.c
configure:18423: $? = 0
configure:18437: result: yes
configure:18465: checking for zlib.h
configure:18472: result: yes
configure:18483: checking for -lz
configure:18512: gcc -o conftest -g -O2  -lz conftest.c  >&5
configure:18519: $? = 0
configure:18544: result: yes
configure:18576: checking for -m32 compiler flag
configure:18603: gcc -o conftest -m32   conftest.c  >&5
configure:18610: $? = 0
configure:18632: result: yes
configure:18693: checking for AMD OpenCL libraries
configure:18732: gcc -o conftest -I/u/v/i/vinay/research/MIAOW-GPU/AMD-APP-3.0/AMDAPPSDK-3.0-0-Beta/include  -L/u/v/i/vinay/research/MIAOW-GPU/AMD-APP-3.0/AMDAPPSDK-3.0-0-Beta/lib/x86 -L/u/v/i/vinay/research/MIAOW-GPU/AMD-APP-3.0/AMDAPPSDK-3.0-0-Beta/lib/x86_64 -lOpenCL conftest.c  >&5
/afs/cs.wisc.edu/s/gcc-4.8.1/amd64_rhel6/bin/../libexec/gcc/x86_64-unknown-linux-gnu/4.8.1/ld: skipping incompatible /u/v/i/vinay/research/MIAOW-GPU/AMD-APP-3.0/AMDAPPSDK-3.0-0-Beta/lib/x86/libOpenCL.so when searching for -lOpenCL
configure:18739: $? = 0
configure:18765: result: yes
configure:18853: checking GL/glut.h usability
configure:18870: gcc -c -g -O2  conftest.c >&5
configure:18877: $? = 0
configure:18891: result: yes
configure:18895: checking GL/glut.h presence
configure:18910: gcc -E  conftest.c
configure:18917: $? = 0
configure:18931: result: yes
configure:18959: checking for GL/glut.h
configure:18966: result: yes
configure:18987: checking GL/gl.h usability
configure:19004: gcc -c -g -O2  conftest.c >&5
configure:19011: $? = 0
configure:19025: result: yes
configure:19029: checking GL/gl.h presence
configure:19044: gcc -E  conftest.c
configure:19051: $? = 0
configure:19065: result: yes
configure:19093: checking for GL/gl.h
configure:19100: result: yes
configure:19121: checking GL/glu.h usability
configure:19138: gcc -c -g -O2  conftest.c >&5
configure:19145: $? = 0
configure:19159: result: yes
configure:19163: checking GL/glu.h presence
configure:19178: gcc -E  conftest.c
configure:19185: $? = 0
configure:19199: result: yes
configure:19227: checking for GL/glu.h
configure:19234: result: yes
configure:19255: checking GL/glew.h usability
configure:19272: gcc -c -g -O2  conftest.c >&5
conftest.c:100:21: fatal error: GL/glew.h: No such file or directory
 #include <GL/glew.h>
                     ^
compilation terminated.
configure:19279: $? = 1
configure: failed program was:
| /* confdefs.h.  */
| #define PACKAGE_NAME "multi2sim"
| #define PACKAGE_TARNAME "multi2sim"
| #define PACKAGE_VERSION "4.0.1"
| #define PACKAGE_STRING "multi2sim 4.0.1"
| #define PACKAGE_BUGREPORT ""
| #define PACKAGE "multi2sim"
| #define VERSION "4.0.1"
| #define STDC_HEADERS 1
| #define HAVE_SYS_TYPES_H 1
| #define HAVE_SYS_STAT_H 1
| #define HAVE_STDLIB_H 1
| #define HAVE_STRING_H 1
| #define HAVE_MEMORY_H 1
| #define HAVE_STRINGS_H 1
| #define HAVE_INTTYPES_H 1
| #define HAVE_STDINT_H 1
| #define HAVE_UNISTD_H 1
| #define HAVE_DLFCN_H 1
| #define LT_OBJDIR ".libs/"
| #define STDC_HEADERS 1
| #define HAVE_SYS_WAIT_H 1
| #define HAVE_FCNTL_H 1
| #define HAVE_FLOAT_H 1
| #define HAVE_STDDEF_H 1
| #define HAVE_STDINT_H 1
| #define HAVE_STDLIB_H 1
| #define HAVE_STRING_H 1
| #define HAVE_SYS_IOCTL_H 1
| #define HAVE_SYS_SOCKET_H 1
| #define HAVE_SYS_TIME_H 1
| #define HAVE_UNISTD_H 1
| #define HAVE_UTIME_H 1
| #define HAVE_ELF_H 1
| #define HAVE_STRUCT_STAT_ST_BLKSIZE 1
| #define HAVE_STRUCT_STAT_ST_BLOCKS 1
| #define HAVE_ST_BLOCKS 1
| #define HAVE_STRUCT_STAT_ST_RDEV 1
| #define HAVE_UNISTD_H 1
| #define HAVE_CHOWN 1
| #define LSTAT_FOLLOWS_SLASHED_SYMLINK 1
| #define HAVE_STDLIB_H 1
| #define HAVE_MALLOC 1
| #define HAVE_STDLIB_H 1
| #define HAVE_UNISTD_H 1
| #define HAVE_GETPAGESIZE 1
| #define HAVE_MMAP 1
| #define HAVE_STDLIB_H 1
| #define HAVE_REALLOC 1
| #define HAVE_ALARM 1
| #define HAVE_BZERO 1
| #define HAVE_FTRUNCATE 1
| #define HAVE_GETCWD 1
| #define HAVE_GETTIMEOFDAY 1
| #define HAVE_MEMSET 1
| #define HAVE_MKDIR 1
| #define HAVE_MUNMAP 1
| #define HAVE_SELECT 1
| #define HAVE_SOCKET 1
| #define HAVE_STRCASECMP 1
| #define HAVE_STRCHR 1
| #define HAVE_STRDUP 1
| #define HAVE_STRNCASECMP 1
| #define HAVE_STRTOL 1
| #define HAVE_UTIME 1
| /* end confdefs.h.  */
| #include <stdio.h>
| #ifdef HAVE_SYS_TYPES_H
| # include <sys/types.h>
| #endif
| #ifdef HAVE_SYS_STAT_H
| # include <sys/stat.h>
| #endif
| #ifdef STDC_HEADERS
| # include <stdlib.h>
| # include <stddef.h>
| #else
| # ifdef HAVE_STDLIB_H
| #  include <stdlib.h>
| # endif
| #endif
| #ifdef HAVE_STRING_H
| # if !defined STDC_HEADERS && defined HAVE_MEMORY_H
| #  include <memory.h>
| # endif
| # include <string.h>
| #endif
| #ifdef HAVE_STRINGS_H
| # include <strings.h>
| #endif
| #ifdef HAVE_INTTYPES_H
| # include <inttypes.h>
| #endif
| #ifdef HAVE_STDINT_H
| # include <stdint.h>
| #endif
| #ifdef HAVE_UNISTD_H
| # include <unistd.h>
| #endif
| #include <GL/glew.h>
configure:19293: result: no
configure:19297: checking GL/glew.h presence
configure:19312: gcc -E  conftest.c
conftest.c:67:21: fatal error: GL/glew.h: No such file or directory
 #include <GL/glew.h>
                     ^
compilation terminated.
configure:19319: $? = 1
configure: failed program was:
| /* confdefs.h.  */
| #define PACKAGE_NAME "multi2sim"
| #define PACKAGE_TARNAME "multi2sim"
| #define PACKAGE_VERSION "4.0.1"
| #define PACKAGE_STRING "multi2sim 4.0.1"
| #define PACKAGE_BUGREPORT ""
| #define PACKAGE "multi2sim"
| #define VERSION "4.0.1"
| #define STDC_HEADERS 1
| #define HAVE_SYS_TYPES_H 1
| #define HAVE_SYS_STAT_H 1
| #define HAVE_STDLIB_H 1
| #define HAVE_STRING_H 1
| #define HAVE_MEMORY_H 1
| #define HAVE_STRINGS_H 1
| #define HAVE_INTTYPES_H 1
| #define HAVE_STDINT_H 1
| #define HAVE_UNISTD_H 1
| #define HAVE_DLFCN_H 1
| #define LT_OBJDIR ".libs/"
| #define STDC_HEADERS 1
| #define HAVE_SYS_WAIT_H 1
| #define HAVE_FCNTL_H 1
| #define HAVE_FLOAT_H 1
| #define HAVE_STDDEF_H 1
| #define HAVE_STDINT_H 1
| #define HAVE_STDLIB_H 1
| #define HAVE_STRING_H 1
| #define HAVE_SYS_IOCTL_H 1
| #define HAVE_SYS_SOCKET_H 1
| #define HAVE_SYS_TIME_H 1
| #define HAVE_UNISTD_H 1
| #define HAVE_UTIME_H 1
| #define HAVE_ELF_H 1
| #define HAVE_STRUCT_STAT_ST_BLKSIZE 1
| #define HAVE_STRUCT_STAT_ST_BLOCKS 1
| #define HAVE_ST_BLOCKS 1
| #define HAVE_STRUCT_STAT_ST_RDEV 1
| #define HAVE_UNISTD_H 1
| #define HAVE_CHOWN 1
| #define LSTAT_FOLLOWS_SLASHED_SYMLINK 1
| #define HAVE_STDLIB_H 1
| #define HAVE_MALLOC 1
| #define HAVE_STDLIB_H 1
| #define HAVE_UNISTD_H 1
| #define HAVE_GETPAGESIZE 1
| #define HAVE_MMAP 1
| #define HAVE_STDLIB_H 1
| #define HAVE_REALLOC 1
| #define HAVE_ALARM 1
| #define HAVE_BZERO 1
| #define HAVE_FTRUNCATE 1
| #define HAVE_GETCWD 1
| #define HAVE_GETTIMEOFDAY 1
| #define HAVE_MEMSET 1
| #define HAVE_MKDIR 1
| #define HAVE_MUNMAP 1
| #define HAVE_SELECT 1
| #define HAVE_SOCKET 1
| #define HAVE_STRCASECMP 1
| #define HAVE_STRCHR 1
| #define HAVE_STRDUP 1
| #define HAVE_STRNCASECMP 1
| #define HAVE_STRTOL 1
| #define HAVE_UTIME 1
| /* end confdefs.h.  */
| #include <GL/glew.h>
configure:19333: result: no
configure:19361: checking for GL/glew.h
configure:19368: result: no
configure:19387: checking for -lGL -lGLU -lGLEW -lglut
configure:19426: gcc -o conftest -g -O2  -lGL -lGLU -lGLEW -lglut conftest.c  >&5
/afs/cs.wisc.edu/s/gcc-4.8.1/amd64_rhel6/bin/../libexec/gcc/x86_64-unknown-linux-gnu/4.8.1/ld: cannot find -lGLEW
collect2: error: ld returned 1 exit status
configure:19433: $? = 1
configure: failed program was:
| 
| 			/* confdefs.h.  */
| #define PACKAGE_NAME "multi2sim"
| #define PACKAGE_TARNAME "multi2sim"
| #define PACKAGE_VERSION "4.0.1"
| #define PACKAGE_STRING "multi2sim 4.0.1"
| #define PACKAGE_BUGREPORT ""
| #define PACKAGE "multi2sim"
| #define VERSION "4.0.1"
| #define STDC_HEADERS 1
| #define HAVE_SYS_TYPES_H 1
| #define HAVE_SYS_STAT_H 1
| #define HAVE_STDLIB_H 1
| #define HAVE_STRING_H 1
| #define HAVE_MEMORY_H 1
| #define HAVE_STRINGS_H 1
| #define HAVE_INTTYPES_H 1
| #define HAVE_STDINT_H 1
| #define HAVE_UNISTD_H 1
| #define HAVE_DLFCN_H 1
| #define LT_OBJDIR ".libs/"
| #define STDC_HEADERS 1
| #define HAVE_SYS_WAIT_H 1
| #define HAVE_FCNTL_H 1
| #define HAVE_FLOAT_H 1
| #define HAVE_STDDEF_H 1
| #define HAVE_STDINT_H 1
| #define HAVE_STDLIB_H 1
| #define HAVE_STRING_H 1
| #define HAVE_SYS_IOCTL_H 1
| #define HAVE_SYS_SOCKET_H 1
| #define HAVE_SYS_TIME_H 1
| #define HAVE_UNISTD_H 1
| #define HAVE_UTIME_H 1
| #define HAVE_ELF_H 1
| #define HAVE_STRUCT_STAT_ST_BLKSIZE 1
| #define HAVE_STRUCT_STAT_ST_BLOCKS 1
| #define HAVE_ST_BLOCKS 1
| #define HAVE_STRUCT_STAT_ST_RDEV 1
| #define HAVE_UNISTD_H 1
| #define HAVE_CHOWN 1
| #define LSTAT_FOLLOWS_SLASHED_SYMLINK 1
| #define HAVE_STDLIB_H 1
| #define HAVE_MALLOC 1
| #define HAVE_STDLIB_H 1
| #define HAVE_UNISTD_H 1
| #define HAVE_GETPAGESIZE 1
| #define HAVE_MMAP 1
| #define HAVE_STDLIB_H 1
| #define HAVE_REALLOC 1
| #define HAVE_ALARM 1
| #define HAVE_BZERO 1
| #define HAVE_FTRUNCATE 1
| #define HAVE_GETCWD 1
| #define HAVE_GETTIMEOFDAY 1
| #define HAVE_MEMSET 1
| #define HAVE_MKDIR 1
| #define HAVE_MUNMAP 1
| #define HAVE_SELECT 1
| #define HAVE_SOCKET 1
| #define HAVE_STRCASECMP 1
| #define HAVE_STRCHR 1
| #define HAVE_STRDUP 1
| #define HAVE_STRNCASECMP 1
| #define HAVE_STRTOL 1
| #define HAVE_UTIME 1
| /* end confdefs.h.  */
| 
| 					int glutInit();
| 					int glBegin();
| 					int gluOrtho2D();
| 					int glewInit();
| 
| int
| main ()
| {
| 
| 					int main() {
| 						glutInit();
| 						glBegin();
| 						gluOrtho2D();
| 						glewInit();
| 						return 0;
| 					}
| 
| 
|   ;
|   return 0;
| }
| 
configure:19450: result: no
configure:19477: WARNING:

	Your system lacks at least one of the graphics libraries required to
	compile some features of Multi2Sim. These libraries are OpenGL, GLU,
	GLUT, and GLEW. Please make sure that your linker supports flags

		-lGL -lGLU -lGLEW -lglut

	In Ubuntu, the following command is suggested to install the missing
	libraries:

		sudo apt-get install freeglut3-dev libglew-dev
	
configure:19543: WARNING:

	The 'autoconf' tool could not interpret the macro checking for the
	presence of the GTK development library (libgtk-3-dev) in your system.
	Multi2Sim will be permanently compiled without support for GTK.
	Before releasing a version with this configuration (running 'make dist'),
	please install this package and rerun 'autoconf'. This will guarantee
	that the conditional inclusion of GTK will depend on the user configuration.
	
configure:19565: WARNING:

	Multi2Sim will be compiled without support for GTK graphical applications.
	Some features are disabled under this configuration, such as the GPU pipeline
	debugger. To enable it, please install the development packages for GTK on
	your system (e.g., package 'libgtk-3-dev' in Debian-based distributions),
	and run './configure' again.
	
configure:19966: creating ./config.status

## ---------------- ##
## Cache variables. ##
## ---------------- ##

ac_cv_build=x86_64-unknown-linux-gnu
ac_cv_c_compiler_gnu=yes
ac_cv_cxx_compiler_gnu=yes
ac_cv_env_CCC_set=
ac_cv_env_CCC_value=
ac_cv_env_CC_set=
ac_cv_env_CC_value=
ac_cv_env_CFLAGS_set=
ac_cv_env_CFLAGS_value=
ac_cv_env_CPPFLAGS_set=
ac_cv_env_CPPFLAGS_value=
ac_cv_env_CPP_set=
ac_cv_env_CPP_value=
ac_cv_env_CXXCPP_set=
ac_cv_env_CXXCPP_value=
ac_cv_env_CXXFLAGS_set=
ac_cv_env_CXXFLAGS_value=
ac_cv_env_CXX_set=
ac_cv_env_CXX_value=
ac_cv_env_LDFLAGS_set=
ac_cv_env_LDFLAGS_value=
ac_cv_env_LIBS_set=
ac_cv_env_LIBS_value=
ac_cv_env_build_alias_set=
ac_cv_env_build_alias_value=
ac_cv_env_host_alias_set=
ac_cv_env_host_alias_value=
ac_cv_env_target_alias_set=
ac_cv_env_target_alias_value=
ac_cv_func_alarm=yes
ac_cv_func_bzero=yes
ac_cv_func_chown_works=yes
ac_cv_func_ftruncate=yes
ac_cv_func_getcwd=yes
ac_cv_func_getpagesize=yes
ac_cv_func_gettimeofday=yes
ac_cv_func_lstat_dereferences_slashed_symlink=yes
ac_cv_func_malloc_0_nonnull=yes
ac_cv_func_memset=yes
ac_cv_func_mkdir=yes
ac_cv_func_mmap_fixed_mapped=yes
ac_cv_func_munmap=yes
ac_cv_func_realloc_0_nonnull=yes
ac_cv_func_select=yes
ac_cv_func_socket=yes
ac_cv_func_strcasecmp=yes
ac_cv_func_strchr=yes
ac_cv_func_strdup=yes
ac_cv_func_strncasecmp=yes
ac_cv_func_strtol=yes
ac_cv_func_utime=yes
ac_cv_header_GL_gl_h=yes
ac_cv_header_GL_glew_h=no
ac_cv_header_GL_glu_h=yes
ac_cv_header_GL_glut_h=yes
ac_cv_header_dlfcn_h=yes
ac_cv_header_elf_h=yes
ac_cv_header_fcntl_h=yes
ac_cv_header_float_h=yes
ac_cv_header_inttypes_h=yes
ac_cv_header_math_h=yes
ac_cv_header_memory_h=yes
ac_cv_header_pthread_h=yes
ac_cv_header_stdc=yes
ac_cv_header_stddef_h=yes
ac_cv_header_stdint_h=yes
ac_cv_header_stdlib_h=yes
ac_cv_header_string_h=yes
ac_cv_header_strings_h=yes
ac_cv_header_sys_ioctl_h=yes
ac_cv_header_sys_socket_h=yes
ac_cv_header_sys_stat_h=yes
ac_cv_header_sys_time_h=yes
ac_cv_header_sys_types_h=yes
ac_cv_header_sys_wait_h=yes
ac_cv_header_unistd_h=yes
ac_cv_header_utime_h=yes
ac_cv_header_zlib_h=yes
ac_cv_host=x86_64-unknown-linux-gnu
ac_cv_lib_error_at_line=yes
ac_cv_member_struct_stat_st_blksize=yes
ac_cv_member_struct_stat_st_blocks=yes
ac_cv_member_struct_stat_st_rdev=yes
ac_cv_objext=o
ac_cv_path_EGREP='/bin/grep -E'
ac_cv_path_FGREP='/bin/grep -F'
ac_cv_path_GREP=/bin/grep
ac_cv_path_SED=/bin/sed
ac_cv_path_install='/usr/bin/install -c'
ac_cv_path_mkdir=/bin/mkdir
ac_cv_prog_AWK=gawk
ac_cv_prog_CPP='gcc -E'
ac_cv_prog_CXXCPP='g++ -E'
ac_cv_prog_ac_ct_AR=ar
ac_cv_prog_ac_ct_CC=gcc
ac_cv_prog_ac_ct_CXX=g++
ac_cv_prog_ac_ct_OBJDUMP=objdump
ac_cv_prog_ac_ct_RANLIB=ranlib
ac_cv_prog_ac_ct_STRIP=strip
ac_cv_prog_cc_c89=
ac_cv_prog_cc_g=yes
ac_cv_prog_cxx_g=yes
ac_cv_prog_make_make_set=yes
ac_cv_type_off_t=yes
ac_cv_type_size_t=yes
ac_cv_type_uid_t=yes
am_cv_CC_dependencies_compiler_type=gcc3
am_cv_CXX_dependencies_compiler_type=gcc3
lt_cv_deplibs_check_method=pass_all
lt_cv_file_magic_cmd='$MAGIC_CMD'
lt_cv_file_magic_test_file=
lt_cv_ld_reload_flag=-r
lt_cv_nm_interface='BSD nm'
lt_cv_objdir=.libs
lt_cv_path_LD=/afs/cs.wisc.edu/s/gcc-4.8.1/amd64_rhel6/libexec/gcc/x86_64-unknown-linux-gnu/4.8.1/ld
lt_cv_path_LDCXX='/afs/cs.wisc.edu/s/gcc-4.8.1/amd64_rhel6/libexec/gcc/x86_64-unknown-linux-gnu/4.8.1/ld -m elf_x86_64'
lt_cv_path_NM='/usr/bin/nm -B'
lt_cv_prog_compiler_c_o=yes
lt_cv_prog_compiler_c_o_CXX=yes
lt_cv_prog_compiler_pic_works=yes
lt_cv_prog_compiler_pic_works_CXX=yes
lt_cv_prog_compiler_rtti_exceptions=no
lt_cv_prog_compiler_static_works=yes
lt_cv_prog_compiler_static_works_CXX=yes
lt_cv_prog_gnu_ld=yes
lt_cv_prog_gnu_ldcxx=yes
lt_cv_sys_global_symbol_pipe='sed -n -e '\''s/^.*[	 ]\([ABCDGIRSTW][ABCDGIRSTW]*\)[	 ][	 ]*\([_A-Za-z][_A-Za-z0-9]*\)$/\1 \2 \2/p'\'''
lt_cv_sys_global_symbol_to_c_name_address='sed -n -e '\''s/^: \([^ ]*\) $/  {\"\1\", (void *) 0},/p'\'' -e '\''s/^[ABCDGIRSTW]* \([^ ]*\) \([^ ]*\)$/  {"\2", (void *) \&\2},/p'\'''
lt_cv_sys_global_symbol_to_c_name_address_lib_prefix='sed -n -e '\''s/^: \([^ ]*\) $/  {\"\1\", (void *) 0},/p'\'' -e '\''s/^[ABCDGIRSTW]* \([^ ]*\) \(lib[^ ]*\)$/  {"\2", (void *) \&\2},/p'\'' -e '\''s/^[ABCDGIRSTW]* \([^ ]*\) \([^ ]*\)$/  {"lib\2", (void *) \&\2},/p'\'''
lt_cv_sys_global_symbol_to_cdecl='sed -n -e '\''s/^T .* \(.*\)$/extern int \1();/p'\'' -e '\''s/^[ABCDGIRSTW]* .* \(.*\)$/extern char \1;/p'\'''
lt_cv_sys_max_cmd_len=1966080

## ----------------- ##
## Output variables. ##
## ----------------- ##

ACLOCAL='${SHELL} /u/v/i/vinay/private/vin_scratch/MIAOW/miaow_repo/src/sw/multi2sim-4.0/missing --run aclocal-1.11'
AMDEPBACKSLASH='\'
AMDEP_FALSE='#'
AMDEP_TRUE=''
AMTAR='${SHELL} /u/v/i/vinay/private/vin_scratch/MIAOW/miaow_repo/src/sw/multi2sim-4.0/missing --run tar'
AR='ar'
AUTOCONF='${SHELL} /u/v/i/vinay/private/vin_scratch/MIAOW/miaow_repo/src/sw/multi2sim-4.0/missing --run autoconf'
AUTOHEADER='${SHELL} /u/v/i/vinay/private/vin_scratch/MIAOW/miaow_repo/src/sw/multi2sim-4.0/missing --run autoheader'
AUTOMAKE='${SHELL} /u/v/i/vinay/private/vin_scratch/MIAOW/miaow_repo/src/sw/multi2sim-4.0/missing --run automake-1.11'
AWK='gawk'
CC='gcc'
CCDEPMODE='depmode=gcc3'
CFLAGS='-msse2 -O3 -std=gnu99 -DNDEBUG'
CPP='gcc -E'
CPPFLAGS=''
CXX='g++'
CXXCPP='g++ -E'
CXXDEPMODE='depmode=gcc3'
CXXFLAGS='-g -O2'
CYGPATH_W='echo'
DATADIR='${prefix}/share'
DEFS='-DPACKAGE_NAME=\"multi2sim\" -DPACKAGE_TARNAME=\"multi2sim\" -DPACKAGE_VERSION=\"4.0.1\" -DPACKAGE_STRING=\"multi2sim\ 4.0.1\" -DPACKAGE_BUGREPORT=\"\" -DPACKAGE=\"multi2sim\" -DVERSION=\"4.0.1\" -DSTDC_HEADERS=1 -DHAVE_SYS_TYPES_H=1 -DHAVE_SYS_STAT_H=1 -DHAVE_STDLIB_H=1 -DHAVE_STRING_H=1 -DHAVE_MEMORY_H=1 -DHAVE_STRINGS_H=1 -DHAVE_INTTYPES_H=1 -DHAVE_STDINT_H=1 -DHAVE_UNISTD_H=1 -DHAVE_DLFCN_H=1 -DLT_OBJDIR=\".libs/\" -DSTDC_HEADERS=1 -DHAVE_SYS_WAIT_H=1 -DHAVE_FCNTL_H=1 -DHAVE_FLOAT_H=1 -DHAVE_STDDEF_H=1 -DHAVE_STDINT_H=1 -DHAVE_STDLIB_H=1 -DHAVE_STRING_H=1 -DHAVE_SYS_IOCTL_H=1 -DHAVE_SYS_SOCKET_H=1 -DHAVE_SYS_TIME_H=1 -DHAVE_UNISTD_H=1 -DHAVE_UTIME_H=1 -DHAVE_ELF_H=1 -DHAVE_STRUCT_STAT_ST_BLKSIZE=1 -DHAVE_STRUCT_STAT_ST_BLOCKS=1 -DHAVE_ST_BLOCKS=1 -DHAVE_STRUCT_STAT_ST_RDEV=1 -DHAVE_UNISTD_H=1 -DHAVE_CHOWN=1 -DLSTAT_FOLLOWS_SLASHED_SYMLINK=1 -DHAVE_STDLIB_H=1 -DHAVE_MALLOC=1 -DHAVE_STDLIB_H=1 -DHAVE_UNISTD_H=1 -DHAVE_GETPAGESIZE=1 -DHAVE_MMAP=1 -DHAVE_STDLIB_H=1 -DHAVE_REALLOC=1 -DHAVE_ALARM=1 -DHAVE_BZERO=1 -DHAVE_FTRUNCATE=1 -DHAVE_GETCWD=1 -DHAVE_GETTIMEOFDAY=1 -DHAVE_MEMSET=1 -DHAVE_MKDIR=1 -DHAVE_MUNMAP=1 -DHAVE_SELECT=1 -DHAVE_SOCKET=1 -DHAVE_STRCASECMP=1 -DHAVE_STRCHR=1 -DHAVE_STRDUP=1 -DHAVE_STRNCASECMP=1 -DHAVE_STRTOL=1 -DHAVE_UTIME=1'
DEPDIR='.deps'
DSYMUTIL=''
DUMPBIN=''
ECHO_C=''
ECHO_N='-n'
ECHO_T=''
EGREP='/bin/grep -E'
EXEEXT=''
FGREP='/bin/grep -F'
GREP='/bin/grep'
HAVE_GTK_FALSE=''
HAVE_GTK_TRUE='#'
HAVE_M32_FLAG_FALSE='#'
HAVE_M32_FLAG_TRUE=''
HAVE_OPENCL_FALSE='#'
HAVE_OPENCL_TRUE=''
HAVE_OPENGL_FALSE=''
HAVE_OPENGL_TRUE='#'
INSTALL_DATA='${INSTALL} -m 644'
INSTALL_PROGRAM='${INSTALL}'
INSTALL_SCRIPT='${INSTALL}'
INSTALL_STRIP_PROGRAM='$(install_sh) -c -s'
LD='/afs/cs.wisc.edu/s/gcc-4.8.1/amd64_rhel6/libexec/gcc/x86_64-unknown-linux-gnu/4.8.1/ld -m elf_x86_64'
LDFLAGS=''
LIBOBJS=''
LIBS=''
LIBTOOL='$(SHELL) $(top_builddir)/libtool'
LIPO=''
LN_S='ln -s'
LTLIBOBJS=''
M2S_INCLUDES=' -I$(top_srcdir)/src '
MAKEINFO='${SHELL} /u/v/i/vinay/private/vin_scratch/MIAOW/miaow_repo/src/sw/multi2sim-4.0/missing --run makeinfo'
MKDIR_P='/bin/mkdir -p'
NM='/usr/bin/nm -B'
NMEDIT=''
OBJDUMP='objdump'
OBJEXT='o'
OPENGL_LDFLAGS='-lGL -lGLU -lGLEW -lglut'
OTOOL64=''
OTOOL=''
PACKAGE='multi2sim'
PACKAGE_BUGREPORT=''
PACKAGE_NAME='multi2sim'
PACKAGE_STRING='multi2sim 4.0.1'
PACKAGE_TARNAME='multi2sim'
PACKAGE_VERSION='4.0.1'
PATH_SEPARATOR=':'
PKGDATADIR='${datarootdir}/multi2sim'
RANLIB='ranlib'
SED='/bin/sed'
SET_MAKE=''
SHELL='/bin/sh'
STRIP='strip'
VERSION='4.0.1'
ac_ct_CC='gcc'
ac_ct_CXX='g++'
ac_ct_DUMPBIN=''
am__EXEEXT_FALSE=''
am__EXEEXT_TRUE='#'
am__fastdepCC_FALSE='#'
am__fastdepCC_TRUE=''
am__fastdepCXX_FALSE='#'
am__fastdepCXX_TRUE=''
am__include='include'
am__isrc=''
am__leading_dot='.'
am__quote=''
am__tar='${AMTAR} chof - "$$tardir"'
am__untar='${AMTAR} xf -'
bindir='${exec_prefix}/bin'
build='x86_64-unknown-linux-gnu'
build_alias=''
build_cpu='x86_64'
build_os='linux-gnu'
build_vendor='unknown'
datadir='${datarootdir}'
datarootdir='${prefix}/share'
docdir='${datarootdir}/doc/${PACKAGE_TARNAME}'
dvidir='${docdir}'
exec_prefix='${prefix}'
host='x86_64-unknown-linux-gnu'
host_alias=''
host_cpu='x86_64'
host_os='linux-gnu'
host_vendor='unknown'
htmldir='${docdir}'
includedir='${prefix}/include'
infodir='${datarootdir}/info'
install_sh='${SHELL} /u/v/i/vinay/private/vin_scratch/MIAOW/miaow_repo/src/sw/multi2sim-4.0/install-sh'
libdir='${exec_prefix}/lib'
libexecdir='${exec_prefix}/libexec'
localedir='${datarootdir}/locale'
localstatedir='${prefix}/var'
lt_ECHO='echo'
mandir='${datarootdir}/man'
mkdir_p='/bin/mkdir -p'
oldincludedir='/usr/include'
pdfdir='${docdir}'
prefix='/usr/local'
program_transform_name='s,x,x,'
psdir='${docdir}'
sbindir='${exec_prefix}/sbin'
sharedstatedir='${prefix}/com'
sysconfdir='${prefix}/etc'
target_alias=''

## ----------- ##
## confdefs.h. ##
## ----------- ##

#define PACKAGE_NAME "multi2sim"
#define PACKAGE_TARNAME "multi2sim"
#define PACKAGE_VERSION "4.0.1"
#define PACKAGE_STRING "multi2sim 4.0.1"
#define PACKAGE_BUGREPORT ""
#define PACKAGE "multi2sim"
#define VERSION "4.0.1"
#define STDC_HEADERS 1
#define HAVE_SYS_TYPES_H 1
#define HAVE_SYS_STAT_H 1
#define HAVE_STDLIB_H 1
#define HAVE_STRING_H 1
#define HAVE_MEMORY_H 1
#define HAVE_STRINGS_H 1
#define HAVE_INTTYPES_H 1
#define HAVE_STDINT_H 1
#define HAVE_UNISTD_H 1
#define HAVE_DLFCN_H 1
#define LT_OBJDIR ".libs/"
#define STDC_HEADERS 1
#define HAVE_SYS_WAIT_H 1
#define HAVE_FCNTL_H 1
#define HAVE_FLOAT_H 1
#define HAVE_STDDEF_H 1
#define HAVE_STDINT_H 1
#define HAVE_STDLIB_H 1
#define HAVE_STRING_H 1
#define HAVE_SYS_IOCTL_H 1
#define HAVE_SYS_SOCKET_H 1
#define HAVE_SYS_TIME_H 1
#define HAVE_UNISTD_H 1
#define HAVE_UTIME_H 1
#define HAVE_ELF_H 1
#define HAVE_STRUCT_STAT_ST_BLKSIZE 1
#define HAVE_STRUCT_STAT_ST_BLOCKS 1
#define HAVE_ST_BLOCKS 1
#define HAVE_STRUCT_STAT_ST_RDEV 1
#define HAVE_UNISTD_H 1
#define HAVE_CHOWN 1
#define LSTAT_FOLLOWS_SLASHED_SYMLINK 1
#define HAVE_STDLIB_H 1
#define HAVE_MALLOC 1
#define HAVE_STDLIB_H 1
#define HAVE_UNISTD_H 1
#define HAVE_GETPAGESIZE 1
#define HAVE_MMAP 1
#define HAVE_STDLIB_H 1
#define HAVE_REALLOC 1
#define HAVE_ALARM 1
#define HAVE_BZERO 1
#define HAVE_FTRUNCATE 1
#define HAVE_GETCWD 1
#define HAVE_GETTIMEOFDAY 1
#define HAVE_MEMSET 1
#define HAVE_MKDIR 1
#define HAVE_MUNMAP 1
#define HAVE_SELECT 1
#define HAVE_SOCKET 1
#define HAVE_STRCASECMP 1
#define HAVE_STRCHR 1
#define HAVE_STRDUP 1
#define HAVE_STRNCASECMP 1
#define HAVE_STRTOL 1
#define HAVE_UTIME 1

configure: exit 0

## ---------------------- ##
## Running config.status. ##
## ---------------------- ##

This file was extended by multi2sim config.status 4.0.1, which was
generated by GNU Autoconf 2.63.  Invocation command line was

  CONFIG_FILES    = 
  CONFIG_HEADERS  = 
  CONFIG_LINKS    = 
  CONFIG_COMMANDS = 
  $ ./config.status 

on acrux.cs.wisc.edu

config.status:1036: creating Makefile
config.status:1036: creating runtime/Makefile
config.status:1036: creating runtime/cuda/Makefile
config.status:1036: creating runtime/glut/Makefile
config.status:1036: creating runtime/opencl/Makefile
config.status:1036: creating runtime/opencl-old/Makefile
config.status:1036: creating runtime/opengl/Makefile
config.status:1036: creating runtime/include/Makefile
config.status:1036: creating src/Makefile
config.status:1036: creating src/arch/Makefile
config.status:1036: creating src/driver/Makefile
config.status:1036: creating src/lib/Makefile
config.status:1036: creating src/mem-system/Makefile
config.status:1036: creating src/network/Makefile
config.status:1036: creating src/visual/Makefile
config.status:1036: creating src/visual/common/Makefile
config.status:1036: creating src/visual/evergreen/Makefile
config.status:1036: creating src/visual/memory/Makefile
config.status:1036: creating src/visual/southern-islands/Makefile
config.status:1036: creating src/visual/x86/Makefile
config.status:1036: creating src/arch/common/Makefile
config.status:1036: creating src/arch/arm/Makefile
config.status:1036: creating src/arch/arm/asm/Makefile
config.status:1036: creating src/arch/arm/emu/Makefile
config.status:1036: creating src/arch/arm/timing/Makefile
config.status:1036: creating src/arch/evergreen/Makefile
config.status:1036: creating src/arch/evergreen/asm/Makefile
config.status:1036: creating src/arch/evergreen/emu/Makefile
config.status:1036: creating src/arch/evergreen/timing/Makefile
config.status:1036: creating src/arch/fermi/Makefile
config.status:1036: creating src/arch/fermi/asm/Makefile
config.status:1036: creating src/arch/fermi/emu/Makefile
config.status:1036: creating src/arch/fermi/timing/Makefile
config.status:1036: creating src/arch/southern-islands/Makefile
config.status:1036: creating src/arch/southern-islands/asm/Makefile
config.status:1036: creating src/arch/southern-islands/emu/Makefile
config.status:1036: creating src/arch/southern-islands/timing/Makefile
config.status:1036: creating src/arch/x86/Makefile
config.status:1036: creating src/arch/x86/asm/Makefile
config.status:1036: creating src/arch/x86/emu/Makefile
config.status:1036: creating src/arch/x86/timing/Makefile
config.status:1036: creating src/driver/cuda/Makefile
config.status:1036: creating src/driver/glut/Makefile
config.status:1036: creating src/driver/opencl/Makefile
config.status:1036: creating src/driver/opencl-old/Makefile
config.status:1036: creating src/driver/opencl-old/evergreen/Makefile
config.status:1036: creating src/driver/opencl-old/southern-islands/Makefile
config.status:1036: creating src/driver/opengl/Makefile
config.status:1036: creating src/lib/esim/Makefile
config.status:1036: creating src/lib/mhandle/Makefile
config.status:1036: creating src/lib/util/Makefile
config.status:1036: creating tools/Makefile
config.status:1036: creating tools/clcc/Makefile
config.status:1036: creating tools/glcc/Makefile
config.status:1247: executing depfiles commands
config.status:1247: executing libtool commands
